1735637049.024889 client started (15999): version 3.5a, socket /tmp/tmux-1000/default, protocol 8
1735637049.024939 on Linux 6.12.6-zen1-1-zen #1 ZEN SMP PREEMPT_DYNAMIC Thu, 19 Dec 2024 21:28:56 +0000
1735637049.024960 using libevent 2.1.12-stable poll
1735637049.024969 using ncurses 6.5 20240427
1735637049.025002 flags are 0x10010000
1735637049.025026 socket is /tmp/tmux-1000/default
1735637049.025046 trying connect
1735637049.025156 add peer 0x606c41d960f0: 6 ((nil))
1735637049.025717 sending message 111 to peer 0x606c41d960f0 (8 bytes)
1735637049.025739 sending message 111 to peer 0x606c41d960f0 (8 bytes)
1735637049.025749 sending message 101 to peer 0x606c41d960f0 (14 bytes)
1735637049.025756 sending message 109 to peer 0x606c41d960f0 (4 bytes)
1735637049.025764 sending message 102 to peer 0x606c41d960f0 (11 bytes)
1735637049.025771 sending message 108 to peer 0x606c41d960f0 (26 bytes)
1735637049.025778 sending message 112 to peer 0x606c41d960f0 (70 bytes)
1735637049.025785 sending message 112 to peer 0x606c41d960f0 (5 bytes)
1735637049.025792 sending message 112 to peer 0x606c41d960f0 (5 bytes)
1735637049.025799 sending message 112 to peer 0x606c41d960f0 (6 bytes)
1735637049.025806 sending message 112 to peer 0x606c41d960f0 (6 bytes)
1735637049.025813 sending message 112 to peer 0x606c41d960f0 (11 bytes)
1735637049.025820 sending message 112 to peer 0x606c41d960f0 (10 bytes)
1735637049.025827 sending message 112 to peer 0x606c41d960f0 (13 bytes)
1735637049.025834 sending message 112 to peer 0x606c41d960f0 (13 bytes)
1735637049.025841 sending message 112 to peer 0x606c41d960f0 (18 bytes)
1735637049.025847 sending message 112 to peer 0x606c41d960f0 (11 bytes)
1735637049.025854 sending message 112 to peer 0x606c41d960f0 (10 bytes)
1735637049.025861 sending message 112 to peer 0x606c41d960f0 (15 bytes)
1735637049.025868 sending message 112 to peer 0x606c41d960f0 (21 bytes)
1735637049.025875 sending message 112 to peer 0x606c41d960f0 (13 bytes)
1735637049.025881 sending message 112 to peer 0x606c41d960f0 (7 bytes)
1735637049.025888 sending message 112 to peer 0x606c41d960f0 (13 bytes)
1735637049.025908 sending message 112 to peer 0x606c41d960f0 (7 bytes)
1735637049.025918 sending message 112 to peer 0x606c41d960f0 (13 bytes)
1735637049.025925 sending message 112 to peer 0x606c41d960f0 (9 bytes)
1735637049.025932 sending message 112 to peer 0x606c41d960f0 (21 bytes)
1735637049.025939 sending message 112 to peer 0x606c41d960f0 (13 bytes)
1735637049.025946 sending message 112 to peer 0x606c41d960f0 (8 bytes)
1735637049.025953 sending message 112 to peer 0x606c41d960f0 (12 bytes)
1735637049.025960 sending message 112 to peer 0x606c41d960f0 (13 bytes)
1735637049.025967 sending message 112 to peer 0x606c41d960f0 (9 bytes)
1735637049.025974 sending message 112 to peer 0x606c41d960f0 (9 bytes)
1735637049.025981 sending message 112 to peer 0x606c41d960f0 (12 bytes)
1735637049.025987 sending message 112 to peer 0x606c41d960f0 (8 bytes)
1735637049.025994 sending message 112 to peer 0x606c41d960f0 (8 bytes)
1735637049.026001 sending message 112 to peer 0x606c41d960f0 (7 bytes)
1735637049.026008 sending message 112 to peer 0x606c41d960f0 (7 bytes)
1735637049.026015 sending message 112 to peer 0x606c41d960f0 (9 bytes)
1735637049.026127 sending message 112 to peer 0x606c41d960f0 (13 bytes)
1735637049.026178 sending message 112 to peer 0x606c41d960f0 (6 bytes)
1735637049.026184 sending message 112 to peer 0x606c41d960f0 (9 bytes)
1735637049.026189 sending message 112 to peer 0x606c41d960f0 (15 bytes)
1735637049.026193 sending message 112 to peer 0x606c41d960f0 (13 bytes)
1735637049.026198 sending message 112 to peer 0x606c41d960f0 (12 bytes)
1735637049.026202 sending message 112 to peer 0x606c41d960f0 (8 bytes)
1735637049.026206 sending message 112 to peer 0x606c41d960f0 (14 bytes)
1735637049.026211 sending message 112 to peer 0x606c41d960f0 (11 bytes)
1735637049.026215 sending message 112 to peer 0x606c41d960f0 (9 bytes)
1735637049.026220 sending message 112 to peer 0x606c41d960f0 (10 bytes)
1735637049.026224 sending message 112 to peer 0x606c41d960f0 (10 bytes)
1735637049.026254 sending message 112 to peer 0x606c41d960f0 (10 bytes)
1735637049.026260 sending message 112 to peer 0x606c41d960f0 (10 bytes)
1735637049.026264 sending message 112 to peer 0x606c41d960f0 (11 bytes)
1735637049.026269 sending message 112 to peer 0x606c41d960f0 (12 bytes)
1735637049.026274 sending message 112 to peer 0x606c41d960f0 (12 bytes)
1735637049.026278 sending message 112 to peer 0x606c41d960f0 (12 bytes)
1735637049.026283 sending message 112 to peer 0x606c41d960f0 (12 bytes)
1735637049.026287 sending message 112 to peer 0x606c41d960f0 (12 bytes)
1735637049.026292 sending message 112 to peer 0x606c41d960f0 (11 bytes)
1735637049.026296 sending message 112 to peer 0x606c41d960f0 (11 bytes)
1735637049.026301 sending message 112 to peer 0x606c41d960f0 (12 bytes)
1735637049.026305 sending message 112 to peer 0x606c41d960f0 (12 bytes)
1735637049.026310 sending message 112 to peer 0x606c41d960f0 (12 bytes)
1735637049.026314 sending message 112 to peer 0x606c41d960f0 (12 bytes)
1735637049.026319 sending message 112 to peer 0x606c41d960f0 (12 bytes)
1735637049.026323 sending message 112 to peer 0x606c41d960f0 (10 bytes)
1735637049.026328 sending message 112 to peer 0x606c41d960f0 (12 bytes)
1735637049.026332 sending message 112 to peer 0x606c41d960f0 (13 bytes)
1735637049.026337 sending message 112 to peer 0x606c41d960f0 (13 bytes)
1735637049.026341 sending message 112 to peer 0x606c41d960f0 (13 bytes)
1735637049.026346 sending message 112 to peer 0x606c41d960f0 (13 bytes)
1735637049.026350 sending message 112 to peer 0x606c41d960f0 (13 bytes)
1735637049.026355 sending message 112 to peer 0x606c41d960f0 (8 bytes)
1735637049.026359 sending message 112 to peer 0x606c41d960f0 (11 bytes)
1735637049.026364 sending message 112 to peer 0x606c41d960f0 (11 bytes)
1735637049.026369 sending message 112 to peer 0x606c41d960f0 (11 bytes)
1735637049.026373 sending message 112 to peer 0x606c41d960f0 (12 bytes)
1735637049.026377 sending message 112 to peer 0x606c41d960f0 (12 bytes)
1735637049.026382 sending message 112 to peer 0x606c41d960f0 (12 bytes)
1735637049.026386 sending message 112 to peer 0x606c41d960f0 (12 bytes)
1735637049.026391 sending message 112 to peer 0x606c41d960f0 (13 bytes)
1735637049.026395 sending message 112 to peer 0x606c41d960f0 (13 bytes)
1735637049.026399 sending message 112 to peer 0x606c41d960f0 (13 bytes)
1735637049.026404 sending message 112 to peer 0x606c41d960f0 (8 bytes)
1735637049.026408 sending message 112 to peer 0x606c41d960f0 (13 bytes)
1735637049.026413 sending message 112 to peer 0x606c41d960f0 (13 bytes)
1735637049.026417 sending message 112 to peer 0x606c41d960f0 (13 bytes)
1735637049.026422 sending message 112 to peer 0x606c41d960f0 (13 bytes)
1735637049.026426 sending message 112 to peer 0x606c41d960f0 (13 bytes)
1735637049.026430 sending message 112 to peer 0x606c41d960f0 (12 bytes)
1735637049.026435 sending message 112 to peer 0x606c41d960f0 (12 bytes)
1735637049.026439 sending message 112 to peer 0x606c41d960f0 (12 bytes)
1735637049.026444 sending message 112 to peer 0x606c41d960f0 (12 bytes)
1735637049.026448 sending message 112 to peer 0x606c41d960f0 (13 bytes)
1735637049.026453 sending message 112 to peer 0x606c41d960f0 (8 bytes)
1735637049.026457 sending message 112 to peer 0x606c41d960f0 (13 bytes)
1735637049.026461 sending message 112 to peer 0x606c41d960f0 (13 bytes)
1735637049.026466 sending message 112 to peer 0x606c41d960f0 (13 bytes)
1735637049.026470 sending message 112 to peer 0x606c41d960f0 (13 bytes)
1735637049.026475 sending message 112 to peer 0x606c41d960f0 (13 bytes)
1735637049.026479 sending message 112 to peer 0x606c41d960f0 (13 bytes)
1735637049.026483 sending message 112 to peer 0x606c41d960f0 (13 bytes)
1735637049.026488 sending message 112 to peer 0x606c41d960f0 (12 bytes)
1735637049.026492 sending message 112 to peer 0x606c41d960f0 (12 bytes)
1735637049.026497 sending message 112 to peer 0x606c41d960f0 (12 bytes)
1735637049.026501 sending message 112 to peer 0x606c41d960f0 (8 bytes)
1735637049.026506 sending message 112 to peer 0x606c41d960f0 (12 bytes)
1735637049.026515 sending message 112 to peer 0x606c41d960f0 (13 bytes)
1735637049.026520 sending message 112 to peer 0x606c41d960f0 (13 bytes)
1735637049.026524 sending message 112 to peer 0x606c41d960f0 (13 bytes)
1735637049.026529 sending message 112 to peer 0x606c41d960f0 (13 bytes)
1735637049.026533 sending message 112 to peer 0x606c41d960f0 (13 bytes)
1735637049.026538 sending message 112 to peer 0x606c41d960f0 (13 bytes)
1735637049.026542 sending message 112 to peer 0x606c41d960f0 (13 bytes)
1735637049.026547 sending message 112 to peer 0x606c41d960f0 (13 bytes)
1735637049.026551 sending message 112 to peer 0x606c41d960f0 (12 bytes)
1735637049.026556 sending message 112 to peer 0x606c41d960f0 (10 bytes)
1735637049.026560 sending message 112 to peer 0x606c41d960f0 (12 bytes)
1735637049.026564 sending message 112 to peer 0x606c41d960f0 (12 bytes)
1735637049.026569 sending message 112 to peer 0x606c41d960f0 (12 bytes)
1735637049.026573 sending message 112 to peer 0x606c41d960f0 (13 bytes)
1735637049.026578 sending message 112 to peer 0x606c41d960f0 (13 bytes)
1735637049.026582 sending message 112 to peer 0x606c41d960f0 (13 bytes)
1735637049.026587 sending message 112 to peer 0x606c41d960f0 (13 bytes)
1735637049.026591 sending message 112 to peer 0x606c41d960f0 (13 bytes)
1735637049.026595 sending message 112 to peer 0x606c41d960f0 (13 bytes)
1735637049.026600 sending message 112 to peer 0x606c41d960f0 (13 bytes)
1735637049.026604 sending message 112 to peer 0x606c41d960f0 (10 bytes)
1735637049.026609 sending message 112 to peer 0x606c41d960f0 (13 bytes)
1735637049.026614 sending message 112 to peer 0x606c41d960f0 (12 bytes)
1735637049.026618 sending message 112 to peer 0x606c41d960f0 (12 bytes)
1735637049.026622 sending message 112 to peer 0x606c41d960f0 (12 bytes)
1735637049.026627 sending message 112 to peer 0x606c41d960f0 (10 bytes)
1735637049.026631 sending message 112 to peer 0x606c41d960f0 (10 bytes)
1735637049.026636 sending message 112 to peer 0x606c41d960f0 (10 bytes)
1735637049.026640 sending message 112 to peer 0x606c41d960f0 (12 bytes)
1735637049.026644 sending message 112 to peer 0x606c41d960f0 (13 bytes)
1735637049.026649 sending message 112 to peer 0x606c41d960f0 (13 bytes)
1735637049.026653 sending message 112 to peer 0x606c41d960f0 (13 bytes)
1735637049.026658 sending message 112 to peer 0x606c41d960f0 (13 bytes)
1735637049.026662 sending message 112 to peer 0x606c41d960f0 (13 bytes)
1735637049.026667 sending message 112 to peer 0x606c41d960f0 (11 bytes)
1735637049.026671 sending message 112 to peer 0x606c41d960f0 (11 bytes)
1735637049.026676 sending message 112 to peer 0x606c41d960f0 (12 bytes)
1735637049.026680 sending message 112 to peer 0x606c41d960f0 (12 bytes)
1735637049.026684 sending message 112 to peer 0x606c41d960f0 (12 bytes)
1735637049.026689 sending message 112 to peer 0x606c41d960f0 (12 bytes)
1735637049.026693 sending message 112 to peer 0x606c41d960f0 (12 bytes)
1735637049.026698 sending message 112 to peer 0x606c41d960f0 (11 bytes)
1735637049.026702 sending message 112 to peer 0x606c41d960f0 (12 bytes)
1735637049.026707 sending message 112 to peer 0x606c41d960f0 (12 bytes)
1735637049.026712 sending message 112 to peer 0x606c41d960f0 (13 bytes)
1735637049.026716 sending message 112 to peer 0x606c41d960f0 (13 bytes)
1735637049.026721 sending message 112 to peer 0x606c41d960f0 (13 bytes)
1735637049.026726 sending message 112 to peer 0x606c41d960f0 (13 bytes)
1735637049.026731 sending message 112 to peer 0x606c41d960f0 (13 bytes)
1735637049.026736 sending message 112 to peer 0x606c41d960f0 (10 bytes)
1735637049.026740 sending message 112 to peer 0x606c41d960f0 (9 bytes)
1735637049.026745 sending message 112 to peer 0x606c41d960f0 (12 bytes)
1735637049.026750 sending message 112 to peer 0x606c41d960f0 (13 bytes)
1735637049.026755 sending message 112 to peer 0x606c41d960f0 (13 bytes)
1735637049.026760 sending message 112 to peer 0x606c41d960f0 (13 bytes)
1735637049.026764 sending message 112 to peer 0x606c41d960f0 (13 bytes)
1735637049.026769 sending message 112 to peer 0x606c41d960f0 (13 bytes)
1735637049.026778 sending message 112 to peer 0x606c41d960f0 (9 bytes)
1735637049.026783 sending message 112 to peer 0x606c41d960f0 (12 bytes)
1735637049.026787 sending message 112 to peer 0x606c41d960f0 (13 bytes)
1735637049.026792 sending message 112 to peer 0x606c41d960f0 (13 bytes)
1735637049.026797 sending message 112 to peer 0x606c41d960f0 (13 bytes)
1735637049.026802 sending message 112 to peer 0x606c41d960f0 (13 bytes)
1735637049.026807 sending message 112 to peer 0x606c41d960f0 (13 bytes)
1735637049.026812 sending message 112 to peer 0x606c41d960f0 (11 bytes)
1735637049.026816 sending message 112 to peer 0x606c41d960f0 (12 bytes)
1735637049.026821 sending message 112 to peer 0x606c41d960f0 (13 bytes)
1735637049.026826 sending message 112 to peer 0x606c41d960f0 (13 bytes)
1735637049.026831 sending message 112 to peer 0x606c41d960f0 (13 bytes)
1735637049.026836 sending message 112 to peer 0x606c41d960f0 (13 bytes)
1735637049.026841 sending message 112 to peer 0x606c41d960f0 (13 bytes)
1735637049.026845 sending message 112 to peer 0x606c41d960f0 (11 bytes)
1735637049.026850 sending message 112 to peer 0x606c41d960f0 (12 bytes)
1735637049.026855 sending message 112 to peer 0x606c41d960f0 (12 bytes)
1735637049.026860 sending message 112 to peer 0x606c41d960f0 (12 bytes)
1735637049.026865 sending message 112 to peer 0x606c41d960f0 (12 bytes)
1735637049.026870 sending message 112 to peer 0x606c41d960f0 (12 bytes)
1735637049.026875 sending message 112 to peer 0x606c41d960f0 (21 bytes)
1735637049.026880 sending message 112 to peer 0x606c41d960f0 (12 bytes)
1735637049.026885 sending message 112 to peer 0x606c41d960f0 (9 bytes)
1735637049.026890 sending message 112 to peer 0x606c41d960f0 (6 bytes)
1735637049.026910 sending message 112 to peer 0x606c41d960f0 (13 bytes)
1735637049.026919 sending message 112 to peer 0x606c41d960f0 (8 bytes)
1735637049.026925 sending message 112 to peer 0x606c41d960f0 (15 bytes)
1735637049.026931 sending message 112 to peer 0x606c41d960f0 (13 bytes)
1735637049.026936 sending message 112 to peer 0x606c41d960f0 (9 bytes)
1735637049.026941 sending message 112 to peer 0x606c41d960f0 (70 bytes)
1735637049.026946 sending message 112 to peer 0x606c41d960f0 (69 bytes)
1735637049.026951 sending message 112 to peer 0x606c41d960f0 (10 bytes)
1735637049.026956 sending message 112 to peer 0x606c41d960f0 (10 bytes)
1735637049.026961 sending message 112 to peer 0x606c41d960f0 (8 bytes)
1735637049.026966 sending message 112 to peer 0x606c41d960f0 (15 bytes)
1735637049.026971 sending message 112 to peer 0x606c41d960f0 (13 bytes)
1735637049.026976 sending message 112 to peer 0x606c41d960f0 (10 bytes)
1735637049.026981 sending message 112 to peer 0x606c41d960f0 (10 bytes)
1735637049.026985 sending message 112 to peer 0x606c41d960f0 (17 bytes)
1735637049.026990 sending message 112 to peer 0x606c41d960f0 (10 bytes)
1735637049.026995 sending message 112 to peer 0x606c41d960f0 (13 bytes)
1735637049.027000 sending message 112 to peer 0x606c41d960f0 (9 bytes)
1735637049.027005 sending message 112 to peer 0x606c41d960f0 (5 bytes)
1735637049.027010 sending message 112 to peer 0x606c41d960f0 (15 bytes)
1735637049.027018 sending message 104 to peer 0x606c41d960f0 (0 bytes)
1735637049.027023 sending message 110 to peer 0x606c41d960f0 (0 bytes)
1735637049.027029 sending message 107 to peer 0x606c41d960f0 (4 bytes)
1735637049.027034 sending message 105 to peer 0x606c41d960f0 (14 bytes)
1735637049.027039 sending message 105 to peer 0x606c41d960f0 (48 bytes)
1735637049.027045 sending message 105 to peer 0x606c41d960f0 (24 bytes)
1735637049.027049 sending message 105 to peer 0x606c41d960f0 (24 bytes)
1735637049.027054 sending message 105 to peer 0x606c41d960f0 (15 bytes)
1735637049.027059 sending message 105 to peer 0x606c41d960f0 (33 bytes)
1735637049.027065 sending message 105 to peer 0x606c41d960f0 (60 bytes)
1735637049.027070 sending message 105 to peer 0x606c41d960f0 (64 bytes)
1735637049.027075 sending message 105 to peer 0x606c41d960f0 (23 bytes)
1735637049.027080 sending message 105 to peer 0x606c41d960f0 (24 bytes)
1735637049.027089 sending message 105 to peer 0x606c41d960f0 (19 bytes)
1735637049.027094 sending message 105 to peer 0x606c41d960f0 (54 bytes)
1735637049.027100 sending message 105 to peer 0x606c41d960f0 (20 bytes)
1735637049.027105 sending message 105 to peer 0x606c41d960f0 (20 bytes)
1735637049.027110 sending message 105 to peer 0x606c41d960f0 (50 bytes)
1735637049.027116 sending message 105 to peer 0x606c41d960f0 (22 bytes)
1735637049.027121 sending message 105 to peer 0x606c41d960f0 (58 bytes)
1735637049.027126 sending message 105 to peer 0x606c41d960f0 (36 bytes)
1735637049.027131 sending message 105 to peer 0x606c41d960f0 (18 bytes)
1735637049.027136 sending message 105 to peer 0x606c41d960f0 (22 bytes)
1735637049.027141 sending message 105 to peer 0x606c41d960f0 (11 bytes)
1735637049.027146 sending message 105 to peer 0x606c41d960f0 (59 bytes)
1735637049.027151 sending message 105 to peer 0x606c41d960f0 (52 bytes)
1735637049.027156 sending message 105 to peer 0x606c41d960f0 (29 bytes)
1735637049.027161 sending message 105 to peer 0x606c41d960f0 (36 bytes)
1735637049.027167 sending message 105 to peer 0x606c41d960f0 (42 bytes)
1735637049.027172 sending message 105 to peer 0x606c41d960f0 (15 bytes)
1735637049.027177 sending message 105 to peer 0x606c41d960f0 (18 bytes)
1735637049.027182 sending message 105 to peer 0x606c41d960f0 (38 bytes)
1735637049.027187 sending message 105 to peer 0x606c41d960f0 (19 bytes)
1735637049.027192 sending message 105 to peer 0x606c41d960f0 (25 bytes)
1735637049.027197 sending message 105 to peer 0x606c41d960f0 (16 bytes)
1735637049.027202 sending message 105 to peer 0x606c41d960f0 (33 bytes)
1735637049.027207 sending message 105 to peer 0x606c41d960f0 (14 bytes)
1735637049.027212 sending message 105 to peer 0x606c41d960f0 (17 bytes)
1735637049.027217 sending message 105 to peer 0x606c41d960f0 (15 bytes)
1735637049.027221 sending message 105 to peer 0x606c41d960f0 (14 bytes)
1735637049.027226 sending message 105 to peer 0x606c41d960f0 (30 bytes)
1735637049.027231 sending message 105 to peer 0x606c41d960f0 (20 bytes)
1735637049.027236 sending message 105 to peer 0x606c41d960f0 (20 bytes)
1735637049.027241 sending message 105 to peer 0x606c41d960f0 (19 bytes)
1735637049.027245 sending message 105 to peer 0x606c41d960f0 (17 bytes)
1735637049.027250 sending message 105 to peer 0x606c41d960f0 (15 bytes)
1735637049.027255 sending message 105 to peer 0x606c41d960f0 (23 bytes)
1735637049.027260 sending message 105 to peer 0x606c41d960f0 (30 bytes)
1735637049.027265 sending message 105 to peer 0x606c41d960f0 (39 bytes)
1735637049.027270 sending message 105 to peer 0x606c41d960f0 (23 bytes)
1735637049.027276 sending message 105 to peer 0x606c41d960f0 (11 bytes)
1735637049.027281 sending message 105 to peer 0x606c41d960f0 (17 bytes)
1735637049.027286 sending message 105 to peer 0x606c41d960f0 (18 bytes)
1735637049.027290 sending message 105 to peer 0x606c41d960f0 (21 bytes)
1735637049.027295 sending message 105 to peer 0x606c41d960f0 (17 bytes)
1735637049.027300 sending message 105 to peer 0x606c41d960f0 (8 bytes)
1735637049.027305 sending message 105 to peer 0x606c41d960f0 (18 bytes)
1735637049.027310 sending message 105 to peer 0x606c41d960f0 (15 bytes)
1735637049.027315 sending message 105 to peer 0x606c41d960f0 (26 bytes)
1735637049.027320 sending message 105 to peer 0x606c41d960f0 (24 bytes)
1735637049.027325 sending message 105 to peer 0x606c41d960f0 (19 bytes)
1735637049.027329 sending message 105 to peer 0x606c41d960f0 (16 bytes)
1735637049.027334 sending message 105 to peer 0x606c41d960f0 (32 bytes)
1735637049.027339 sending message 105 to peer 0x606c41d960f0 (18 bytes)
1735637049.027344 sending message 105 to peer 0x606c41d960f0 (20 bytes)
1735637049.027348 sending message 105 to peer 0x606c41d960f0 (26 bytes)
1735637049.027353 sending message 105 to peer 0x606c41d960f0 (17 bytes)
1735637049.027358 sending message 105 to peer 0x606c41d960f0 (29 bytes)
1735637049.027363 sending message 105 to peer 0x606c41d960f0 (24 bytes)
1735637049.027368 sending message 105 to peer 0x606c41d960f0 (190 bytes)
1735637049.027378 sending message 105 to peer 0x606c41d960f0 (12 bytes)
1735637049.027383 sending message 105 to peer 0x606c41d960f0 (91 bytes)
1735637049.027388 sending message 105 to peer 0x606c41d960f0 (21 bytes)
1735637049.027393 sending message 105 to peer 0x606c41d960f0 (53 bytes)
1735637049.027398 sending message 105 to peer 0x606c41d960f0 (27 bytes)
1735637049.027403 sending message 105 to peer 0x606c41d960f0 (31 bytes)
1735637049.027408 sending message 105 to peer 0x606c41d960f0 (64 bytes)
1735637049.027413 sending message 105 to peer 0x606c41d960f0 (196 bytes)
1735637049.027425 sending message 105 to peer 0x606c41d960f0 (13 bytes)
1735637049.027430 sending message 105 to peer 0x606c41d960f0 (41 bytes)
1735637049.027434 sending message 105 to peer 0x606c41d960f0 (21 bytes)
1735637049.027439 sending message 105 to peer 0x606c41d960f0 (24 bytes)
1735637049.027444 sending message 105 to peer 0x606c41d960f0 (38 bytes)
1735637049.027449 sending message 105 to peer 0x606c41d960f0 (18 bytes)
1735637049.027454 sending message 105 to peer 0x606c41d960f0 (30 bytes)
1735637049.027459 sending message 105 to peer 0x606c41d960f0 (38 bytes)
1735637049.027464 sending message 106 to peer 0x606c41d960f0 (0 bytes)
1735637049.027538 sending message 200 to peer 0x606c41d960f0 (4 bytes)
1735637049.027544 client loop enter
1735637049.028682 peer 0x606c41d960f0 message 303
1735637049.028715 open write file 2 -
1735637049.028737 sending message 305 to peer 0x606c41d960f0 (8 bytes)
1735637049.028758 write check file 2
1735637049.028970 peer 0x606c41d960f0 message 304
1735637049.028988 write 58 to file 2
1735637049.029001 peer 0x606c41d960f0 message 203
1735637049.029010 file 2 58 bytes left
1735637049.029040 write check file 2
1735637049.029052 client loop exit
